[debug] [2022-05-26T17:02:59.834Z] ----------------------------------------------------------------------
[debug] [2022-05-26T17:02:59.837Z] Command:       C:\Program Files\nodejs\node.exe C:\Users\homee\AppData\Roaming\npm\node_modules\firebase-tools\lib\bin\firebase.js init
[debug] [2022-05-26T17:02:59.838Z] CLI Version:   10.6.0
[debug] [2022-05-26T17:02:59.839Z] Platform:      win32
[debug] [2022-05-26T17:02:59.839Z] Node Version:  v16.13.2
[debug] [2022-05-26T17:02:59.840Z] Time:          Thu May 26 2022 23:02:59 GMT+0600 (Bangladesh Standard Time)
[debug] [2022-05-26T17:02:59.841Z] ----------------------------------------------------------------------
[debug] 
[debug] [2022-05-26T17:02:59.958Z] > command requires scopes: ["email","openid","https://www.googleapis.com/auth/cloudplatformprojects.readonly","https://www.googleapis.com/auth/firebase","https://www.googleapis.com/auth/cloud-platform"]
[debug] [2022-05-26T17:02:59.959Z] > authorizing via signed-in user (homeexercise8@gmail.com)
[info] 
     ######## #### ########  ######## ########     ###     ######  ########
     ##        ##  ##     ## ##       ##     ##  ##   ##  ##       ##
     ######    ##  ########  ######   ########  #########  ######  ######
     ##        ##  ##    ##  ##       ##     ## ##     ##       ## ##
     ##       #### ##     ## ######## ########  ##     ##  ######  ########

You're about to initialize a Firebase project in this directory:

  C:\Users\homee\OneDrive\Desktop\ElectronicManufacture\client\manufactureclient

Before we get started, keep in mind:

  * You are initializing within an existing Firebase project directory

[info] 
=== Project Setup
[info] 
[info] First, let's associate this project directory with a Firebase project.
[info] You can create multiple project aliases by running firebase use --add, 
[info] but for now we'll just set up a default project.
[info] 
[debug] [2022-05-26T17:03:12.924Z] Using project from CLI flag: manufacturer-82b05
[debug] [2022-05-26T17:03:12.930Z] >>> [apiv2][query] GET https://firebase.googleapis.com/v1beta1/projects/manufacturer-82b05 [none]
[debug] [2022-05-26T17:03:13.416Z] <<< [apiv2][status] GET https://firebase.googleapis.com/v1beta1/projects/manufacturer-82b05 401
[debug] [2022-05-26T17:03:13.417Z] <<< [apiv2][body] GET https://firebase.googleapis.com/v1beta1/projects/manufacturer-82b05 {"error":{"code":401,"message":"Request had invalid authentication credentials. Expected OAuth 2 access token, login cookie or other valid authentication credential. See https://developers.google.com/identity/sign-in/web/devconsole-project.","status":"UNAUTHENTICATED"}}
[debug] [2022-05-26T17:03:13.418Z] HTTP Error: 401, Request had invalid authentication credentials. Expected OAuth 2 access token, login cookie or other valid authentication credential. See https://developers.google.com/identity/sign-in/web/devconsole-project.
[debug] [2022-05-26T17:03:13.691Z] FirebaseError: HTTP Error: 401, Request had invalid authentication credentials. Expected OAuth 2 access token, login cookie or other valid authentication credential. See https://developers.google.com/identity/sign-in/web/devconsole-project.
    at module.exports (C:\Users\homee\AppData\Roaming\npm\node_modules\firebase-tools\lib\responseToError.js:47:12)
    at RetryOperation._fn (C:\Users\homee\AppData\Roaming\npm\node_modules\firebase-tools\lib\apiv2.js:286:39)
    at processTicksAndRejections (node:internal/process/task_queues:96:5)
[error] 
[error] Error: Failed to get Firebase project manufacturer-82b05. Please make sure the project exists and your account has permission to access it.
